<?xml version='1.0' encoding='UTF-8'?>
<testsuite hostname="DESKTOP-MOPOTTO" name="funsets.FunSetSuite" tests="9" errors="0" failures="0" time="0.031">
                     <properties>
[...]
</properties>
                     <testcase classname="funsets.FunSetSuite" name="contains is implemented" time="0.015">
                                                 
                                               </testcase><testcase classname="funsets.FunSetSuite" name="singletonSet(1) contains 1" time="0.0">
                                                 
                                               </testcase><testcase classname="funsets.FunSetSuite" name="union contains all elements of each set" time="0.0">
                                                 
                                               </testcase><testcase classname="funsets.FunSetSuite" name="intersect contains elements in both set" time="0.0">
                                                 
                                               </testcase><testcase classname="funsets.FunSetSuite" name="diff contains elements only in first set" time="0.016">
                                                 
                                               </testcase><testcase classname="funsets.FunSetSuite" name="filter contains elements satisfying p" time="0.0">
                                                 
                                               </testcase><testcase classname="funsets.FunSetSuite" name="forall tests if all elements satisfying p" time="0.0">
                                                 
                                               </testcase><testcase classname="funsets.FunSetSuite" name="exists tests if any element satisfying p" time="0.0">
                                                 
                                               </testcase><testcase classname="funsets.FunSetSuite" name="map transform all elements into new set using function f" time="0.0">
                                                 
                                               </testcase>
                     <system-out></system-out>
                     <system-err></system-err>
                   </testsuite>